<?xml version="1.0" encoding="UTF-8"?>
<!-- Generated by org.testng.reporters.JUnitXMLReporter -->
<testsuite ignored="1" hostname="DESKTOP-C7EUQ6P" failures="1" tests="2" name="Regression Test" time="0.033" errors="0" timestamp="2025-08-20T15:24:03 IST">
  <testcase classname="day_28.EcommerceTests" name="testCart" time="0.001"/>
  <testcase classname="day_28.EcommerceTests" name="testSearch" time="0.019">
    <failure type="java.lang.NullPointerException" message="Cannot invoke &amp;quot;org.openqa.selenium.WebDriver.findElement(org.openqa.selenium.By)&amp;quot; because &amp;quot;this.driver&amp;quot; is null">
      <![CDATA[java.lang.NullPointerException: Cannot invoke "org.openqa.selenium.WebDriver.findElement(org.openqa.selenium.By)" because "this.driver" is null
at day_28.EcommerceTests.testSearch(EcommerceTests.java:31)
at java.base/java.util.ArrayList.forEach(ArrayList.java:1511)
... Removed 27 stack frames]]>
    </failure>
  </testcase> <!-- testSearch -->
  <testcase classname="day_28.EcommerceTests" name="testTitle" time="0.0">
    <ignored/>
  </testcase> <!-- testTitle -->
</testsuite> <!-- Regression Test -->
