<?xml version="1.0" encoding="UTF-8"?>
<!-- Generated by org.testng.reporters.JUnitXMLReporter -->
<testsuite ignored="2" hostname="DESKTOP-C7EUQ6P" failures="0" tests="1" name="Sanity Test" time="0.006" errors="0" timestamp="2025-08-20T15:24:03 IST">
  <testcase classname="day_28.EcommerceTests" name="testCart" time="0.002"/>
  <testcase classname="day_28.EcommerceTests" name="testTitle" time="0.0">
    <ignored/>
  </testcase> <!-- testTitle -->
  <testcase classname="day_28.EcommerceTests" name="testSearch" time="0.0">
    <ignored/>
  </testcase> <!-- testSearch -->
</testsuite> <!-- Sanity Test -->
