<?xml version="1.0" encoding="UTF-8"?>
<!-- Generated by org.testng.reporters.JUnitXMLReporter -->
<testsuite ignored="2" hostname="DESKTOP-C7EUQ6P" failures="0" tests="1" name="Setup + Smoke Tests" time="11.534" errors="0" timestamp="2025-08-20T16:22:31 IST">
  <testcase classname="day_28.EcommerceTests" name="testTitle" time="0.048"/>
  <testcase classname="day_28.EcommerceTests" name="testSearch" time="0.0">
    <ignored/>
  </testcase> <!-- testSearch -->
  <testcase classname="day_28.EcommerceTests" name="testCart" time="0.0">
    <ignored/>
  </testcase> <!-- testCart -->
</testsuite> <!-- Setup + Smoke Tests -->
