<?xml version="1.0" encoding="UTF-8"?>
<!-- Generated by org.testng.reporters.JUnitXMLReporter -->
<testsuite ignored="0" hostname="DESKTOP-C7EUQ6P" failures="0" tests="3" name="Smoke + Regression Tests" time="15.528" errors="0" timestamp="2025-08-20T16:54:11 IST">
  <testcase classname="day_28.EcommerceTests" name="testCart" time="0.105"/>
  <testcase classname="day_28.EcommerceTests" name="testSearch" time="5.573"/>
  <testcase classname="day_28.EcommerceTests" name="testTitle" time="0.019"/>
</testsuite> <!-- Smoke + Regression Tests -->
