<?xml version="1.0" encoding="UTF-8"?>
<!-- Generated by org.testng.reporters.JUnitXMLReporter -->
<testsuite ignored="0" hostname="DESKTOP-C7EUQ6P" failures="0" tests="3" name="Default test" time="18.089" errors="0" timestamp="2025-08-25T19:04:04 IST">
  <testcase classname="day_29.Factories" name="HealthSetup" time="2.715"/>
  <testcase classname="day_29.Factories" name="HealthSetup" time="6.131"/>
  <testcase classname="day_29.Factories" name="HealthSetup" time="4.098"/>
</testsuite> <!-- Default test -->
