<?xml version="1.0" encoding="UTF-8"?>
<testng-results ignored="0" total="3" passed="3" failed="0" skipped="0">
  <reporter-output>
  </reporter-output>
  <suite started-at="2025-08-25T19:03:46 IST" name="Default suite" finished-at="2025-08-25T19:04:04 IST" duration-ms="18089">
    <groups>
    </groups>
    <test started-at="2025-08-25T19:03:46 IST" name="Default test" finished-at="2025-08-25T19:04:04 IST" duration-ms="18089">
      <class name="day_29.Factories">
        <test-method is-config="true" signature="setup()[pri:0, instance:day_29.Factories@22ff4249, instance params:[]]" started-at="2025-08-25T19:03:46 IST" name="setup" finished-at="2025-08-25T19:03:47 IST" duration-ms="1717" status="PASS">
          <reporter-output>
          </reporter-output>
        </test-method> <!-- setup -->
        <test-method signature="HealthSetup()[pri:0, instance:day_29.Factories@22ff4249, instance params:[]]" started-at="2025-08-25T19:03:47 IST" name="HealthSetup" finished-at="2025-08-25T19:03:50 IST" duration-ms="2715" status="PASS">
          <reporter-output>
          </reporter-output>
        </test-method> <!-- HealthSetup -->
        <test-method is-config="true" signature="quit()[pri:0, instance:day_29.Factories@22ff4249, instance params:[]]" started-at="2025-08-25T19:03:50 IST" name="quit" finished-at="2025-08-25T19:03:50 IST" duration-ms="328" status="PASS">
          <reporter-output>
          </reporter-output>
        </test-method> <!-- quit -->
        <test-method is-config="true" signature="setup()[pri:0, instance:day_29.Factories@40a4337a, instance params:[]]" started-at="2025-08-25T19:03:50 IST" name="setup" finished-at="2025-08-25T19:03:52 IST" duration-ms="1248" status="PASS">
          <reporter-output>
          </reporter-output>
        </test-method> <!-- setup -->
        <test-method signature="HealthSetup()[pri:0, instance:day_29.Factories@40a4337a, instance params:[]]" started-at="2025-08-25T19:03:52 IST" name="HealthSetup" finished-at="2025-08-25T19:03:58 IST" duration-ms="6131" status="PASS">
          <reporter-output>
          </reporter-output>
        </test-method> <!-- HealthSetup -->
        <test-method is-config="true" signature="quit()[pri:0, instance:day_29.Factories@40a4337a, instance params:[]]" started-at="2025-08-25T19:03:58 IST" name="quit" finished-at="2025-08-25T19:03:58 IST" duration-ms="314" status="PASS">
          <reporter-output>
          </reporter-output>
        </test-method> <!-- quit -->
        <test-method is-config="true" signature="setup()[pri:0, instance:day_29.Factories@6025e1b6, instance params:[]]" started-at="2025-08-25T19:03:58 IST" name="setup" finished-at="2025-08-25T19:03:59 IST" duration-ms="1197" status="PASS">
          <reporter-output>
          </reporter-output>
        </test-method> <!-- setup -->
        <test-method signature="HealthSetup()[pri:0, instance:day_29.Factories@6025e1b6, instance params:[]]" started-at="2025-08-25T19:03:59 IST" name="HealthSetup" finished-at="2025-08-25T19:04:03 IST" duration-ms="4098" status="PASS">
          <reporter-output>
          </reporter-output>
        </test-method> <!-- HealthSetup -->
        <test-method is-config="true" signature="quit()[pri:0, instance:day_29.Factories@6025e1b6, instance params:[]]" started-at="2025-08-25T19:04:04 IST" name="quit" finished-at="2025-08-25T19:04:04 IST" duration-ms="270" status="PASS">
          <reporter-output>
          </reporter-output>
        </test-method> <!-- quit -->
      </class> <!-- day_29.Factories -->
    </test> <!-- Default test -->
  </suite> <!-- Default suite -->
</testng-results>
